0 info it worked if it ends with ok
1 verbose cli [
1 verbose cli   '/Users/christine/.nvm/versions/node/v12.19.1/bin/node',
1 verbose cli   '/Users/christine/.nvm/versions/node/v12.19.1/bin/npm',
1 verbose cli   'run',
1 verbose cli   'build'
1 verbose cli ]
2 info using npm@6.14.8
3 info using node@v12.19.1
4 verbose run-script [ 'prebuild', 'build', 'postbuild' ]
5 info lifecycle lerna-repo@1.0.0~prebuild: lerna-repo@1.0.0
6 info lifecycle lerna-repo@1.0.0~build: lerna-repo@1.0.0
7 verbose lifecycle lerna-repo@1.0.0~build: unsafe-perm in lifecycle true
8 verbose lifecycle lerna-repo@1.0.0~build: PATH: /Users/christine/.nvm/versions/node/v12.19.1/lib/node_modules/npm/node_modules/npm-lifecycle/node-gyp-bin:/Users/christine/Documents/study/lerna-repo/node_modules/.bin:/Users/christine/.nvm/versions/node/v12.19.1/bin:/Users/christine/.nvm/versions/node/v12.19.1/bin:/Library/Frameworks/Python.framework/Versions/3.8/bin:/usr/local/bin:/usr/bin:/bin:/usr/sbin:/sbin:/Users/christine/.nvm/versions/node/v12.19.1/bin:/Library/Frameworks/Python.framework/Versions/3.8/bin
9 verbose lifecycle lerna-repo@1.0.0~build: CWD: /Users/christine/Documents/study/lerna-repo
10 silly lifecycle lerna-repo@1.0.0~build: Args: [ '-c', 'webpack' ]
11 silly lifecycle lerna-repo@1.0.0~build: Returned: code: 1  signal: null
12 info lifecycle lerna-repo@1.0.0~build: Failed to exec build script
13 verbose stack Error: lerna-repo@1.0.0 build: `webpack`
13 verbose stack Exit status 1
13 verbose stack     at EventEmitter.<anonymous> (/Users/christine/.nvm/versions/node/v12.19.1/lib/node_modules/npm/node_modules/npm-lifecycle/index.js:332:16)
13 verbose stack     at EventEmitter.emit (events.js:314:20)
13 verbose stack     at ChildProcess.<anonymous> (/Users/christine/.nvm/versions/node/v12.19.1/lib/node_modules/npm/node_modules/npm-lifecycle/lib/spawn.js:55:14)
13 verbose stack     at ChildProcess.emit (events.js:314:20)
13 verbose stack     at maybeClose (internal/child_process.js:1021:16)
13 verbose stack     at Process.ChildProcess._handle.onexit (internal/child_process.js:286:5)
14 verbose pkgid lerna-repo@1.0.0
15 verbose cwd /Users/christine/Documents/study/lerna-repo
16 verbose Darwin 18.5.0
17 verbose argv "/Users/christine/.nvm/versions/node/v12.19.1/bin/node" "/Users/christine/.nvm/versions/node/v12.19.1/bin/npm" "run" "build"
18 verbose node v12.19.1
19 verbose npm  v6.14.8
20 error code ELIFECYCLE
21 error errno 1
22 error lerna-repo@1.0.0 build: `webpack`
22 error Exit status 1
23 error Failed at the lerna-repo@1.0.0 build script.
23 error This is probably not a problem with npm. There is likely additional logging output above.
24 verbose exit [ 1, true ]
